16:48:52 **** Incremental Build of configuration Debug for project card_sdio ****
make -j4 all 
arm-none-eabi-gcc "../Drivers/STM32F7xx_HAL_Driver/Src/stm32f7xx_hal.c" -mcpu=cortex-m7 -std=gnu11 -g3 -DDEBUG -DUSE_HAL_DRIVER -DSTM32F746xx -c -I../Core/Inc -I../Drivers/STM32F7xx_HAL_Driver/Inc -I../Drivers/STM32F7xx_HAL_Driver/Inc/Legacy -I../Drivers/CMSIS/Device/ST/STM32F7xx/Include -I../Drivers/CMSIS/Include -I../FATFS/App -I../FATFS/Target -I../Middlewares/Third_Party/FatFs/src -I"/home/lime/Documents/STM32CubeIDE/myWorkspace/card_sdio/GUI files" -O0 -ffunction-sections -fdata-sections -Wall -fstack-usage -MMD -MP -MF"Drivers/STM32F7xx_HAL_Driver/Src/stm32f7xx_hal.d" -MT"Drivers/STM32F7xx_HAL_Driver/Src/stm32f7xx_hal.o" --specs=nano.specs -mfpu=fpv5-sp-d16 -mfloat-abi=hard -mthumb -o "Drivers/STM32F7xx_HAL_Driver/Src/stm32f7xx_hal.o"
arm-none-eabi-gcc "../Drivers/STM32F7xx_HAL_Driver/Src/stm32f7xx_hal_cortex.c" -mcpu=cortex-m7 -std=gnu11 -g3 -DDEBUG -DUSE_HAL_DRIVER -DSTM32F746xx -c -I../Core/Inc -I../Drivers/STM32F7xx_HAL_Driver/Inc -I../Drivers/STM32F7xx_HAL_Driver/Inc/Legacy -I../Drivers/CMSIS/Device/ST/STM32F7xx/Include -I../Drivers/CMSIS/Include -I../FATFS/App -I../FATFS/Target -I../Middlewares/Third_Party/FatFs/src -I"/home/lime/Documents/STM32CubeIDE/myWorkspace/card_sdio/GUI files" -O0 -ffunction-sections -fdata-sections -Wall -fstack-usage -MMD -MP -MF"Drivers/STM32F7xx_HAL_Driver/Src/stm32f7xx_hal_cortex.d" -MT"Drivers/STM32F7xx_HAL_Driver/Src/stm32f7xx_hal_cortex.o" --specs=nano.specs -mfpu=fpv5-sp-d16 -mfloat-abi=hard -mthumb -o "Drivers/STM32F7xx_HAL_Driver/Src/stm32f7xx_hal_cortex.o"
arm-none-eabi-gcc "../Drivers/STM32F7xx_HAL_Driver/Src/stm32f7xx_hal_crc.c" -mcpu=cortex-m7 -std=gnu11 -g3 -DDEBUG -DUSE_HAL_DRIVER -DSTM32F746xx -c -I../Core/Inc -I../Drivers/STM32F7xx_HAL_Driver/Inc -I../Drivers/STM32F7xx_HAL_Driver/Inc/Legacy -I../Drivers/CMSIS/Device/ST/STM32F7xx/Include -I../Drivers/CMSIS/Include -I../FATFS/App -I../FATFS/Target -I../Middlewares/Third_Party/FatFs/src -I"/home/lime/Documents/STM32CubeIDE/myWorkspace/card_sdio/GUI files" -O0 -ffunction-sections -fdata-sections -Wall -fstack-usage -MMD -MP -MF"Drivers/STM32F7xx_HAL_Driver/Src/stm32f7xx_hal_crc.d" -MT"Drivers/STM32F7xx_HAL_Driver/Src/stm32f7xx_hal_crc.o" --specs=nano.specs -mfpu=fpv5-sp-d16 -mfloat-abi=hard -mthumb -o "Drivers/STM32F7xx_HAL_Driver/Src/stm32f7xx_hal_crc.o"
arm-none-eabi-gcc "../Drivers/STM32F7xx_HAL_Driver/Src/stm32f7xx_hal_crc_ex.c" -mcpu=cortex-m7 -std=gnu11 -g3 -DDEBUG -DUSE_HAL_DRIVER -DSTM32F746xx -c -I../Core/Inc -I../Drivers/STM32F7xx_HAL_Driver/Inc -I../Drivers/STM32F7xx_HAL_Driver/Inc/Legacy -I../Drivers/CMSIS/Device/ST/STM32F7xx/Include -I../Drivers/CMSIS/Include -I../FATFS/App -I../FATFS/Target -I../Middlewares/Third_Party/FatFs/src -I"/home/lime/Documents/STM32CubeIDE/myWorkspace/card_sdio/GUI files" -O0 -ffunction-sections -fdata-sections -Wall -fstack-usage -MMD -MP -MF"Drivers/STM32F7xx_HAL_Driver/Src/stm32f7xx_hal_crc_ex.d" -MT"Drivers/STM32F7xx_HAL_Driver/Src/stm32f7xx_hal_crc_ex.o" --specs=nano.specs -mfpu=fpv5-sp-d16 -mfloat-abi=hard -mthumb -o "Drivers/STM32F7xx_HAL_Driver/Src/stm32f7xx_hal_crc_ex.o"
In file included from ../Core/Inc/stm32f7xx_hal_conf.h:367,
                 from ../Drivers/STM32F7xx_HAL_Driver/Inc/stm32f7xx_hal.h:29,
                 from ../Drivers/STM32F7xx_HAL_Driver/Src/stm32f7xx_hal_crc_ex.c:33:
../Drivers/STM32F7xx_HAL_Driver/Inc/stm32f7xx_hal_ltdc.h:408: warning: "__HAL_LTDC_RELOAD_CONFIG" redefined
  408 | #define __HAL_LTDC_RELOAD_CONFIG(__HANDLE__)   ((__HANDLE__)->Instance->SRCR |= LTDC_SRCR_IMR)
      | 
In file included from ../Drivers/STM32F7xx_HAL_Driver/Inc/stm32f7xx_hal_def.h:30,
                 from ../Drivers/STM32F7xx_HAL_Driver/Inc/stm32f7xx_hal_rcc.h:27,
                 from ../Core/Inc/stm32f7xx_hal_conf.h:271,
                 from ../Drivers/STM32F7xx_HAL_Driver/Inc/stm32f7xx_hal.h:29,
                 from ../Drivers/STM32F7xx_HAL_Driver/Src/stm32f7xx_hal_crc_ex.c:33:
../Drivers/STM32F7xx_HAL_Driver/Inc/Legacy/stm32_hal_legacy.h:3818: note: this is the location of the previous definition
 3818 | #define __HAL_LTDC_RELOAD_CONFIG  __HAL_LTDC_RELOAD_IMMEDIATE_CONFIG
      | 
In file included from ../Drivers/STM32F7xx_HAL_Driver/Inc/stm32f7xx_hal.h:29,
                 from ../Drivers/STM32F7xx_HAL_Driver/Src/stm32f7xx_hal_crc_ex.c:33:
../Core/Inc/stm32f7xx_hal_conf.h:415:11: fatal error: stm32f7xx_hal_usart.h: No such file or directory
  415 |  #include "stm32f7xx_hal_usart.h"
      |           ^~~~~~~~~~~~~~~~~~~~~~~
compilation terminated.
In file included from ../Core/Inc/stm32f7xx_hal_conf.h:367,
                 from ../Drivers/STM32F7xx_HAL_Driver/Inc/stm32f7xx_hal.h:29,
                 from ../Drivers/STM32F7xx_HAL_Driver/Src/stm32f7xx_hal.c:36:
../Drivers/STM32F7xx_HAL_Driver/Inc/stm32f7xx_hal_ltdc.h:408: warning: "__HAL_LTDC_RELOAD_CONFIG" redefined
  408 | #define __HAL_LTDC_RELOAD_CONFIG(__HANDLE__)   ((__HANDLE__)->Instance->SRCR |= LTDC_SRCR_IMR)
      | 
In file included from ../Drivers/STM32F7xx_HAL_Driver/Inc/stm32f7xx_hal_def.h:30,
                 from ../Drivers/STM32F7xx_HAL_Driver/Inc/stm32f7xx_hal_rcc.h:27,
                 from ../Core/Inc/stm32f7xx_hal_conf.h:271,
                 from ../Drivers/STM32F7xx_HAL_Driver/Inc/stm32f7xx_hal.h:29,
                 from ../Drivers/STM32F7xx_HAL_Driver/Src/stm32f7xx_hal.c:36:
../Drivers/STM32F7xx_HAL_Driver/Inc/Legacy/stm32_hal_legacy.h:3818: note: this is the location of the previous definition
 3818 | #define __HAL_LTDC_RELOAD_CONFIG  __HAL_LTDC_RELOAD_IMMEDIATE_CONFIG
      | 
make: *** [Drivers/STM32F7xx_HAL_Driver/Src/subdir.mk:88: Drivers/STM32F7xx_HAL_Driver/Src/stm32f7xx_hal_crc_ex.o] Error 1
make: *** Waiting for unfinished jobs....
In file included from ../Drivers/STM32F7xx_HAL_Driver/Inc/stm32f7xx_hal.h:29,
                 from ../Drivers/STM32F7xx_HAL_Driver/Src/stm32f7xx_hal.c:36:
../Core/Inc/stm32f7xx_hal_conf.h:415:11: fatal error: stm32f7xx_hal_usart.h: No such file or directory
  415 |  #include "stm32f7xx_hal_usart.h"
      |           ^~~~~~~~~~~~~~~~~~~~~~~
compilation terminated.
make: *** [Drivers/STM32F7xx_HAL_Driver/Src/subdir.mk:88: Drivers/STM32F7xx_HAL_Driver/Src/stm32f7xx_hal.o] Error 1
In file included from ../Core/Inc/stm32f7xx_hal_conf.h:367,
                 from ../Drivers/STM32F7xx_HAL_Driver/Inc/stm32f7xx_hal.h:29,
                 from ../Drivers/STM32F7xx_HAL_Driver/Src/stm32f7xx_hal_cortex.c:82:
../Drivers/STM32F7xx_HAL_Driver/Inc/stm32f7xx_hal_ltdc.h:408: warning: "__HAL_LTDC_RELOAD_CONFIG" redefined
  408 | #define __HAL_LTDC_RELOAD_CONFIG(__HANDLE__)   ((__HANDLE__)->Instance->SRCR |= LTDC_SRCR_IMR)
      | 
In file included from ../Drivers/STM32F7xx_HAL_Driver/Inc/stm32f7xx_hal_def.h:30,
                 from ../Drivers/STM32F7xx_HAL_Driver/Inc/stm32f7xx_hal_rcc.h:27,
                 from ../Core/Inc/stm32f7xx_hal_conf.h:271,
                 from ../Drivers/STM32F7xx_HAL_Driver/Inc/stm32f7xx_hal.h:29,
                 from ../Drivers/STM32F7xx_HAL_Driver/Src/stm32f7xx_hal_cortex.c:82:
../Drivers/STM32F7xx_HAL_Driver/Inc/Legacy/stm32_hal_legacy.h:3818: note: this is the location of the previous definition
 3818 | #define __HAL_LTDC_RELOAD_CONFIG  __HAL_LTDC_RELOAD_IMMEDIATE_CONFIG
      | 
In file included from ../Drivers/STM32F7xx_HAL_Driver/Inc/stm32f7xx_hal.h:29,
                 from ../Drivers/STM32F7xx_HAL_Driver/Src/stm32f7xx_hal_cortex.c:82:
../Core/Inc/stm32f7xx_hal_conf.h:415:11: fatal error: stm32f7xx_hal_usart.h: No such file or directory
  415 |  #include "stm32f7xx_hal_usart.h"
      |           ^~~~~~~~~~~~~~~~~~~~~~~
compilation terminated.
make: *** [Drivers/STM32F7xx_HAL_Driver/Src/subdir.mk:88: Drivers/STM32F7xx_HAL_Driver/Src/stm32f7xx_hal_cortex.o] Error 1
In file included from ../Core/Inc/stm32f7xx_hal_conf.h:367,
                 from ../Drivers/STM32F7xx_HAL_Driver/Inc/stm32f7xx_hal.h:29,
                 from ../Drivers/STM32F7xx_HAL_Driver/Src/stm32f7xx_hal_crc.c:46:
../Drivers/STM32F7xx_HAL_Driver/Inc/stm32f7xx_hal_ltdc.h:408: warning: "__HAL_LTDC_RELOAD_CONFIG" redefined
  408 | #define __HAL_LTDC_RELOAD_CONFIG(__HANDLE__)   ((__HANDLE__)->Instance->SRCR |= LTDC_SRCR_IMR)
      | 
In file included from ../Drivers/STM32F7xx_HAL_Driver/Inc/stm32f7xx_hal_def.h:30,
                 from ../Drivers/STM32F7xx_HAL_Driver/Inc/stm32f7xx_hal_rcc.h:27,
                 from ../Core/Inc/stm32f7xx_hal_conf.h:271,
                 from ../Drivers/STM32F7xx_HAL_Driver/Inc/stm32f7xx_hal.h:29,
                 from ../Drivers/STM32F7xx_HAL_Driver/Src/stm32f7xx_hal_crc.c:46:
../Drivers/STM32F7xx_HAL_Driver/Inc/Legacy/stm32_hal_legacy.h:3818: note: this is the location of the previous definition
 3818 | #define __HAL_LTDC_RELOAD_CONFIG  __HAL_LTDC_RELOAD_IMMEDIATE_CONFIG
      | 
In file included from ../Drivers/STM32F7xx_HAL_Driver/Inc/stm32f7xx_hal.h:29,
                 from ../Drivers/STM32F7xx_HAL_Driver/Src/stm32f7xx_hal_crc.c:46:
../Core/Inc/stm32f7xx_hal_conf.h:415:11: fatal error: stm32f7xx_hal_usart.h: No such file or directory
  415 |  #include "stm32f7xx_hal_usart.h"
      |           ^~~~~~~~~~~~~~~~~~~~~~~
compilation terminated.
make: *** [Drivers/STM32F7xx_HAL_Driver/Src/subdir.mk:88: Drivers/STM32F7xx_HAL_Driver/Src/stm32f7xx_hal_crc.o] Error 1
"make -j4 all" terminated with exit code 2. Build might be incomplete.

16:48:53 Build Failed. 9 errors, 4 warnings. (took 983ms)

